Mon Dec 01 15:40:41 EST 2003  [debug] AvalonLogSystem initialized using logfile 'velocity.log'
Mon Dec 01 15:40:41 EST 2003   [info] ************************************************************** 
Mon Dec 01 15:40:41 EST 2003   [info] Starting Jakarta Velocity v1.4-dev
Mon Dec 01 15:40:41 EST 2003   [info] RuntimeInstance initializing.
Mon Dec 01 15:40:41 EST 2003   [info] Default Properties File: org/apache/velocity/runtime/defaults/velocity.properties
Mon Dec 01 15:40:41 EST 2003   [info] Trying to use logger class org.apache.velocity.runtime.log.AvalonLogSystem
Mon Dec 01 15:40:41 EST 2003   [info] Using logger class org.apache.velocity.runtime.log.AvalonLogSystem
Mon Dec 01 15:40:41 EST 2003   [info] Default ResourceManager initializing. (class org.apache.velocity.runtime.resource.ResourceManagerImpl)
Mon Dec 01 15:40:41 EST 2003   [info] Resource Loader Instantiated: org.apache.velocity.runtime.resource.loader.FileResourceLoader
Mon Dec 01 15:40:41 EST 2003   [info] FileResourceLoader : initialization starting.
Mon Dec 01 15:40:41 EST 2003   [info] FileResourceLoader : adding path '/home/maven/.maven/plugins/maven-xdoc-plugin-1.4/plugin-resources/templates'
Mon Dec 01 15:40:41 EST 2003   [info] FileResourceLoader : initialization complete.
Mon Dec 01 15:40:41 EST 2003   [info] ResourceCache : initialized. (class org.apache.velocity.runtime.resource.ResourceCacheImpl)
Mon Dec 01 15:40:41 EST 2003   [info] Default ResourceManager initialization complete.
Mon Dec 01 15:40:41 EST 2003   [info] Loaded System Directive: org.apache.velocity.runtime.directive.Literal
Mon Dec 01 15:40:41 EST 2003   [info] Loaded System Directive: org.apache.velocity.runtime.directive.Macro
Mon Dec 01 15:40:41 EST 2003   [info] Loaded System Directive: org.apache.velocity.runtime.directive.Parse
Mon Dec 01 15:40:41 EST 2003   [info] Loaded System Directive: org.apache.velocity.runtime.directive.Include
Mon Dec 01 15:40:41 EST 2003   [info] Loaded System Directive: org.apache.velocity.runtime.directive.Foreach
Mon Dec 01 15:40:41 EST 2003   [info] Created: 20 parsers.
Mon Dec 01 15:40:41 EST 2003   [info] Velocimacro : initialization starting.
Mon Dec 01 15:40:41 EST 2003   [info] Velocimacro : adding VMs from VM library template : VM_global_library.vm
Mon Dec 01 15:40:41 EST 2003  [error] ResourceManager : unable to find resource 'VM_global_library.vm' in any resource loader.
Mon Dec 01 15:40:41 EST 2003   [info] Velocimacro : error using  VM library template VM_global_library.vm : org.apache.velocity.exception.ResourceNotFoundException: Unable to find resource 'VM_global_library.vm'
Mon Dec 01 15:40:41 EST 2003   [info] Velocimacro :  VM library template macro registration complete.
Mon Dec 01 15:40:41 EST 2003   [info] Velocimacro : allowInline = true : VMs can be defined inline in templates
Mon Dec 01 15:40:41 EST 2003   [info] Velocimacro : allowInlineToOverride = false : VMs defined inline may NOT replace previous VM definitions
Mon Dec 01 15:40:41 EST 2003   [info] Velocimacro : allowInlineLocal = false : VMs defined inline will be  global in scope if allowed.
Mon Dec 01 15:40:41 EST 2003   [info] Velocimacro : messages on  : VM system will output logging messages
Mon Dec 01 15:40:41 EST 2003   [info] Velocimacro : autoload off  : VM system will not automatically reload global library macros
Mon Dec 01 15:40:41 EST 2003   [info] Velocimacro : initialization complete.
Mon Dec 01 15:40:41 EST 2003   [info] Velocity successfully started.
Mon Dec 01 15:40:41 EST 2003   [info] ResourceManager : found cvs-usage.xml with loader org.apache.velocity.runtime.resource.loader.FileResourceLoader
Mon Dec 01 15:40:41 EST 2003  [error] RHS of #set statement is null. Context will not be modified. cvs-usage.xml [line 10, column 5]
Mon Dec 01 15:40:41 EST 2003   [info] ResourceManager : found index.xml with loader org.apache.velocity.runtime.resource.loader.FileResourceLoader
Mon Dec 01 15:40:42 EST 2003   [info] ResourceManager : found maven-reports.xml with loader org.apache.velocity.runtime.resource.loader.FileResourceLoader
Mon Dec 01 15:40:42 EST 2003   [info] ResourceManager : found dependencies.xml with loader org.apache.velocity.runtime.resource.loader.FileResourceLoader
Mon Dec 01 15:40:42 EST 2003   [info] ResourceManager : found issue-tracking.xml with loader org.apache.velocity.runtime.resource.loader.FileResourceLoader
Mon Dec 01 15:40:42 EST 2003  [error] RHS of #set statement is null. Context will not be modified. issue-tracking.xml [line 11, column 9]
Mon Dec 01 15:40:42 EST 2003   [warn] org.apache.velocity.runtime.exception.ReferenceException: reference : template = issue-tracking.xml [line 12,column 18] : $url is not a valid reference.
Mon Dec 01 15:40:42 EST 2003   [warn] org.apache.velocity.runtime.exception.ReferenceException: reference : template = issue-tracking.xml [line 12,column 24] : $url is not a valid reference.
Mon Dec 01 15:40:42 EST 2003   [info] Velocimacro : added new VM : #displayLink( label link ) : source = mail-lists.xml
Mon Dec 01 15:40:42 EST 2003   [info] ResourceManager : found mail-lists.xml with loader org.apache.velocity.runtime.resource.loader.FileResourceLoader
Mon Dec 01 15:40:42 EST 2003   [info] ResourceManager : found project-info.xml with loader org.apache.velocity.runtime.resource.loader.FileResourceLoader
Mon Dec 01 15:40:42 EST 2003   [info] ResourceManager : found team-list.xml with loader org.apache.velocity.runtime.resource.loader.FileResourceLoader
